c:\users\668870\onedrive - hull.ac.uk\desktop\parallel and concurrent programming\cuda lab 4\cudaruntime1\cudaruntime1\x64\debug\vc143.pdb
c:\users\668870\onedrive - hull.ac.uk\desktop\parallel and concurrent programming\cuda lab 4\cudaruntime1\cudaruntime1\x64\debug\vc143.idb
c:\users\668870\onedrive - hull.ac.uk\desktop\parallel and concurrent programming\cuda lab 4\cudaruntime1\cudaruntime1\x64\debug\drawing_cuda.obj
c:\users\668870\onedrive - hull.ac.uk\desktop\parallel and concurrent programming\cuda lab 4\cudaruntime1\cudaruntime1\x64\debug\drawing_cuda.cu.obj
c:\users\668870\onedrive - hull.ac.uk\desktop\parallel and concurrent programming\cuda lab 4\cudaruntime1\x64\debug\cudaruntime1.exe
c:\users\668870\onedrive - hull.ac.uk\desktop\parallel and concurrent programming\cuda lab 4\cudaruntime1\x64\debug\cudaruntime1.pdb
c:\users\668870\onedrive - hull.ac.uk\desktop\parallel and concurrent programming\cuda lab 4\cudaruntime1\x64\debug\cudaruntime1.lib
c:\users\668870\onedrive - hull.ac.uk\desktop\parallel and concurrent programming\cuda lab 4\cudaruntime1\x64\debug\cudaruntime1.exp
c:\users\668870\onedrive - hull.ac.uk\desktop\parallel and concurrent programming\cuda lab 4\cudaruntime1\cudaruntime1\x64\debug\cudaruntime1.ilk
c:\users\668870\onedrive - hull.ac.uk\desktop\parallel and concurrent programming\cuda lab 4\cudaruntime1\cudaruntime1\x64\debug\drawing_cuda.cu.cache
c:\users\668870\onedrive - hull.ac.uk\desktop\parallel and concurrent programming\cuda lab 4\cudaruntime1\cudaruntime1\x64\debug\imageprocess_cuda.cu.cache
c:\users\668870\onedrive - hull.ac.uk\desktop\parallel and concurrent programming\cuda lab 4\cudaruntime1\cudaruntime1\x64\debug\kernel.cu.cache
c:\users\668870\onedrive - hull.ac.uk\desktop\parallel and concurrent programming\cuda lab 4\cudaruntime1\cudaruntime1\x64\debug\imageprocess_cuda.cu.obj
c:\users\668870\onedrive - hull.ac.uk\desktop\parallel and concurrent programming\cuda lab 4\cudaruntime1\cudaruntime1\x64\debug\imageprocess_cuda.obj
c:\users\668870\onedrive - hull.ac.uk\desktop\parallel and concurrent programming\cuda lab 4\cudaruntime1\cudaruntime1\x64\debug\kernel.cu.obj
c:\users\668870\onedrive - hull.ac.uk\desktop\parallel and concurrent programming\cuda lab 4\cudaruntime1\cudaruntime1\x64\debug\cudaruntime1.tlog\cl.command.1.tlog
c:\users\668870\onedrive - hull.ac.uk\desktop\parallel and concurrent programming\cuda lab 4\cudaruntime1\cudaruntime1\x64\debug\cudaruntime1.tlog\cl.items.tlog
c:\users\668870\onedrive - hull.ac.uk\desktop\parallel and concurrent programming\cuda lab 4\cudaruntime1\cudaruntime1\x64\debug\cudaruntime1.tlog\cl.read.1.tlog
c:\users\668870\onedrive - hull.ac.uk\desktop\parallel and concurrent programming\cuda lab 4\cudaruntime1\cudaruntime1\x64\debug\cudaruntime1.tlog\cl.write.1.tlog
c:\users\668870\onedrive - hull.ac.uk\desktop\parallel and concurrent programming\cuda lab 4\cudaruntime1\cudaruntime1\x64\debug\cudaruntime1.tlog\cudacompile.read.1u.tlog
c:\users\668870\onedrive - hull.ac.uk\desktop\parallel and concurrent programming\cuda lab 4\cudaruntime1\cudaruntime1\x64\debug\cudaruntime1.tlog\cudacompile.write.1u.tlog
c:\users\668870\onedrive - hull.ac.uk\desktop\parallel and concurrent programming\cuda lab 4\cudaruntime1\cudaruntime1\x64\debug\cudaruntime1.tlog\link.command.1.tlog
c:\users\668870\onedrive - hull.ac.uk\desktop\parallel and concurrent programming\cuda lab 4\cudaruntime1\cudaruntime1\x64\debug\cudaruntime1.tlog\link.read.1.tlog
c:\users\668870\onedrive - hull.ac.uk\desktop\parallel and concurrent programming\cuda lab 4\cudaruntime1\cudaruntime1\x64\debug\cudaruntime1.tlog\link.secondary.1.tlog
c:\users\668870\onedrive - hull.ac.uk\desktop\parallel and concurrent programming\cuda lab 4\cudaruntime1\cudaruntime1\x64\debug\cudaruntime1.tlog\link.write.1.tlog
